<?xml version="1.0" encoding="UTF-8"?>
<!-- Generated by org.testng.reporters.JUnitXMLReporter -->
<testsuite hostname="DESKTOP-GP0GM2O" ignored="0" name="Test" tests="7" failures="1" timestamp="2021-01-04T08:07:24 IST" time="263.586" errors="0">
  <testcase name="blockBT" time="34.253" classname="com.communitake.tests.automation.gms.FacilitiesTests"/>
  <testcase name="blockCamera" time="23.789" classname="com.communitake.tests.automation.gms.FacilitiesTests"/>
  <testcase name="blockGps" time="37.552" classname="com.communitake.tests.automation.gms.FacilitiesTests"/>
  <testcase name="blockMobileData" time="29.582" classname="com.communitake.tests.automation.gms.FacilitiesTests"/>
  <testcase name="wifi1" time="35.778" classname="com.communitake.tests.automation.gms.FacilitiesTests">
    <failure type="org.openqa.selenium.NoSuchElementException" message="Can&amp;apos;t locate an element by this strategy: By.chained({By.id: Wiâ€‘Fi})">
      <![CDATA[org.openqa.selenium.NoSuchElementException: Can't locate an element by this strategy: By.chained({By.id: Wiâ€‘Fi})
at io.appium.java_client.pagefactory.AppiumElementLocator.findElement(AppiumElementLocator.java:126)
at io.appium.java_client.pagefactory.interceptors.InterceptorOfASingleElement.intercept(InterceptorOfASingleElement.java:59)
at io.appium.java_client.android.AndroidElement$$EnhancerByCGLIB$$b598166c.getText(<generated>)
at com.communitake.tests.automation.mobilepageobject.AppiumBasePage.getmText(AppiumBasePage.java:52)
at com.communitake.tests.automation.mobilepageobject.GedNetworkInternetPage.gedWifiBtnTxt(GedNetworkInternetPage.java:31)
at com.communitake.tests.automation.gms.FacilitiesTests.wifi1(FacilitiesTests.java:133)
at java.util.ArrayList.forEach(ArrayList.java:1249)
Caused by: org.openqa.selenium.TimeoutException: Expected condition failed: waiting for io.appium.java_client.pagefactory.AppiumElementLocator$WaitingFunction@7c891ba7 (tried for 1 second(s) with 500 milliseconds interval)
at org.openqa.selenium.support.ui.FluentWait.timeoutException(FluentWait.java:304)
at org.openqa.selenium.support.ui.FluentWait.until(FluentWait.java:272)
at io.appium.java_client.pagefactory.AppiumElementLocator.waitFor(AppiumElementLocator.java:99)
at io.appium.java_client.pagefactory.AppiumElementLocator.findElement(AppiumElementLocator.java:119)
... 37 more
Caused by: org.openqa.selenium.NoSuchElementException: Cannot locate an element using By.chained({By.id: Wiâ€‘Fi})
For documentation on this error, please visit: https://www.seleniumhq.org/exceptions/no_such_element.html
Build info: version: '3.141.59', revision: 'e82be7d358', time: '2018-11-14T08:17:03'
System info: host: 'DESKTOP-GP0GM2O', ip: '192.168.1.8', os.name: 'Windows 10', os.arch: 'amd64', os.version: '10.0', java.version: '1.8.0_131'
Driver info: driver.version: AndroidDriver
at io.appium.java_client.pagefactory.bys.builder.ByChained.findElement(ByChained.java:74)
at org.openqa.selenium.remote.RemoteWebDriver.findElement(RemoteWebDriver.java:315)
at io.appium.java_client.DefaultGenericMobileDriver.findElement(DefaultGenericMobileDriver.java:57)
at io.appium.java_client.AppiumDriver.findElement(AppiumDriver.java:1)
at io.appium.java_client.android.AndroidDriver.findElement(AndroidDriver.java:1)
at io.appium.java_client.pagefactory.bys.ContentMappedBy.findElement(ContentMappedBy.java:50)
at org.openqa.selenium.remote.RemoteWebDriver.findElement(RemoteWebDriver.java:315)
at io.appium.java_client.DefaultGenericMobileDriver.findElement(DefaultGenericMobileDriver.java:57)
at io.appium.java_client.AppiumDriver.findElement(AppiumDriver.java:1)
at io.appium.java_client.android.AndroidDriver.findElement(AndroidDriver.java:1)
at io.appium.java_client.pagefactory.AppiumElementLocator.lambda$0(AppiumElementLocator.java:120)
at io.appium.java_client.pagefactory.AppiumElementLocator$WaitingFunction.apply(AppiumElementLocator.java:172)
at io.appium.java_client.pagefactory.AppiumElementLocator$WaitingFunction.apply(AppiumElementLocator.java:1)
at org.openqa.selenium.support.ui.FluentWait.until(FluentWait.java:249)
... 39 more
... Removed 31 stack frames]]>
    </failure>
  </testcase> <!-- wifi1 -->
  <testcase name="blockAirplane" time="28.626" classname="com.communitake.tests.automation.gms.FacilitiesTests"/>
  <testcase name="resetRestrictions" time="20.894" classname="com.communitake.tests.automation.gms.FacilitiesTests"/>
</testsuite> <!-- Test -->
