<?xml version="1.0" encoding="UTF-8"?>
<testng-results skipped="0" failed="1" ignored="0" total="7" passed="6">
  <reporter-output>
  </reporter-output>
  <suite name="Suite" duration-ms="263586" started-at="2021-01-04T08:03:00 IST" finished-at="2021-01-04T08:07:24 IST">
    <groups>
    </groups>
    <test name="Test" duration-ms="263586" started-at="2021-01-04T08:03:00 IST" finished-at="2021-01-04T08:07:24 IST">
      <class name="com.communitake.tests.automation.gms.FacilitiesTests">
        <test-method status="PASS" signature="mobile()[pri:0, instance:com.communitake.tests.automation.gms.FacilitiesTests@305fd85d]" name="mobile" is-config="true" duration-ms="6902" started-at="2021-01-04T08:02:53 IST" finished-at="2021-01-04T08:03:00 IST">
          <reporter-output>
          </reporter-output>
        </test-method> <!-- mobile -->
        <test-method status="PASS" signature="Web()[pri:0, instance:com.communitake.tests.automation.gms.FacilitiesTests@305fd85d]" name="Web" is-config="true" duration-ms="9768" started-at="2021-01-04T08:03:00 IST" finished-at="2021-01-04T08:03:10 IST">
          <reporter-output>
          </reporter-output>
        </test-method> <!-- Web -->
        <test-method status="PASS" signature="Appium()[pri:0, instance:com.communitake.tests.automation.gms.FacilitiesTests@305fd85d]" name="Appium" is-config="true" duration-ms="6955" started-at="2021-01-04T08:03:10 IST" finished-at="2021-01-04T08:03:17 IST">
          <reporter-output>
          </reporter-output>
        </test-method> <!-- Appium -->
        <test-method status="PASS" signature="blockBT()[pri:1, instance:com.communitake.tests.automation.gms.FacilitiesTests@305fd85d]" name="blockBT" duration-ms="34253" started-at="2021-01-04T08:03:17 IST" finished-at="2021-01-04T08:03:51 IST">
          <reporter-output>
          </reporter-output>
        </test-method> <!-- blockBT -->
        <test-method status="PASS" signature="Appium()[pri:0, instance:com.communitake.tests.automation.gms.FacilitiesTests@305fd85d]" name="Appium" is-config="true" duration-ms="5734" started-at="2021-01-04T08:03:51 IST" finished-at="2021-01-04T08:03:57 IST">
          <reporter-output>
          </reporter-output>
        </test-method> <!-- Appium -->
        <test-method status="PASS" signature="blockCamera()[pri:2, instance:com.communitake.tests.automation.gms.FacilitiesTests@305fd85d]" name="blockCamera" duration-ms="23789" started-at="2021-01-04T08:03:57 IST" finished-at="2021-01-04T08:04:21 IST">
          <reporter-output>
          </reporter-output>
        </test-method> <!-- blockCamera -->
        <test-method status="PASS" signature="Appium()[pri:0, instance:com.communitake.tests.automation.gms.FacilitiesTests@305fd85d]" name="Appium" is-config="true" duration-ms="5573" started-at="2021-01-04T08:04:21 IST" finished-at="2021-01-04T08:04:26 IST">
          <reporter-output>
          </reporter-output>
        </test-method> <!-- Appium -->
        <test-method status="PASS" signature="blockGps()[pri:3, instance:com.communitake.tests.automation.gms.FacilitiesTests@305fd85d]" name="blockGps" duration-ms="37552" started-at="2021-01-04T08:04:26 IST" finished-at="2021-01-04T08:05:04 IST">
          <reporter-output>
          </reporter-output>
        </test-method> <!-- blockGps -->
        <test-method status="PASS" signature="Appium()[pri:0, instance:com.communitake.tests.automation.gms.FacilitiesTests@305fd85d]" name="Appium" is-config="true" duration-ms="5687" started-at="2021-01-04T08:05:04 IST" finished-at="2021-01-04T08:05:09 IST">
          <reporter-output>
          </reporter-output>
        </test-method> <!-- Appium -->
        <test-method status="PASS" signature="blockMobileData()[pri:4, instance:com.communitake.tests.automation.gms.FacilitiesTests@305fd85d]" name="blockMobileData" duration-ms="29582" started-at="2021-01-04T08:05:09 IST" finished-at="2021-01-04T08:05:39 IST">
          <reporter-output>
          </reporter-output>
        </test-method> <!-- blockMobileData -->
        <test-method status="PASS" signature="Appium()[pri:0, instance:com.communitake.tests.automation.gms.FacilitiesTests@305fd85d]" name="Appium" is-config="true" duration-ms="5496" started-at="2021-01-04T08:05:39 IST" finished-at="2021-01-04T08:05:44 IST">
          <reporter-output>
          </reporter-output>
        </test-method> <!-- Appium -->
        <test-method status="FAIL" signature="wifi1()[pri:5, instance:com.communitake.tests.automation.gms.FacilitiesTests@305fd85d]" name="wifi1" duration-ms="35778" started-at="2021-01-04T08:05:44 IST" finished-at="2021-01-04T08:06:20 IST">
          <exception class="org.openqa.selenium.NoSuchElementException">
            <message>
              <![CDATA[Can't locate an element by this strategy: By.chained({By.id: Wiâ€‘Fi})]]>
            </message>
            <full-stacktrace>
              <![CDATA[org.openqa.selenium.NoSuchElementException: Can't locate an element by this strategy: By.chained({By.id: Wiâ€‘Fi})
at io.appium.java_client.pagefactory.AppiumElementLocator.findElement(AppiumElementLocator.java:126)
at io.appium.java_client.pagefactory.interceptors.InterceptorOfASingleElement.intercept(InterceptorOfASingleElement.java:59)
at io.appium.java_client.android.AndroidElement$$EnhancerByCGLIB$$b598166c.getText(<generated>)
at com.communitake.tests.automation.mobilepageobject.AppiumBasePage.getmText(AppiumBasePage.java:52)
at com.communitake.tests.automation.mobilepageobject.GedNetworkInternetPage.gedWifiBtnTxt(GedNetworkInternetPage.java:31)
at com.communitake.tests.automation.gms.FacilitiesTests.wifi1(FacilitiesTests.java:133)
at sun.reflect.NativeMethodAccessorImpl.invoke0(Native Method)
at sun.reflect.NativeMethodAccessorImpl.invoke(NativeMethodAccessorImpl.java:62)
at sun.reflect.DelegatingMethodAccessorImpl.invoke(DelegatingMethodAccessorImpl.java:43)
at java.lang.reflect.Method.invoke(Method.java:498)
at org.testng.internal.MethodInvocationHelper.invokeMethod(MethodInvocationHelper.java:132)
at org.testng.internal.TestInvoker.invokeMethod(TestInvoker.java:599)
at org.testng.internal.TestInvoker.invokeTestMethod(TestInvoker.java:174)
at org.testng.internal.MethodRunner.runInSequence(MethodRunner.java:46)
at org.testng.internal.TestInvoker$MethodInvocationAgent.invoke(TestInvoker.java:822)
at org.testng.internal.TestInvoker.invokeTestMethods(TestInvoker.java:147)
at org.testng.internal.TestMethodWorker.invokeTestMethods(TestMethodWorker.java:146)
at org.testng.internal.TestMethodWorker.run(TestMethodWorker.java:128)
at java.util.ArrayList.forEach(ArrayList.java:1249)
at org.testng.TestRunner.privateRun(TestRunner.java:764)
at org.testng.TestRunner.run(TestRunner.java:585)
at org.testng.SuiteRunner.runTest(SuiteRunner.java:384)
at org.testng.SuiteRunner.runSequentially(SuiteRunner.java:378)
at org.testng.SuiteRunner.privateRun(SuiteRunner.java:337)
at org.testng.SuiteRunner.run(SuiteRunner.java:286)
at org.testng.SuiteRunnerWorker.runSuite(SuiteRunnerWorker.java:53)
at org.testng.SuiteRunnerWorker.run(SuiteRunnerWorker.java:96)
at org.testng.TestNG.runSuitesSequentially(TestNG.java:1218)
at org.testng.TestNG.runSuitesLocally(TestNG.java:1140)
at org.testng.TestNG.runSuites(TestNG.java:1069)
at org.testng.TestNG.run(TestNG.java:1037)
at org.apache.maven.surefire.testng.TestNGExecutor.run(TestNGExecutor.java:284)
at org.apache.maven.surefire.testng.TestNGXmlTestSuite.execute(TestNGXmlTestSuite.java:75)
at org.apache.maven.surefire.testng.TestNGProvider.invoke(TestNGProvider.java:119)
at org.apache.maven.surefire.booter.ForkedBooter.runSuitesInProcess(ForkedBooter.java:428)
at org.apache.maven.surefire.booter.ForkedBooter.execute(ForkedBooter.java:162)
at org.apache.maven.surefire.booter.ForkedBooter.run(ForkedBooter.java:562)
at org.apache.maven.surefire.booter.ForkedBooter.main(ForkedBooter.java:548)
Caused by: org.openqa.selenium.TimeoutException: Expected condition failed: waiting for io.appium.java_client.pagefactory.AppiumElementLocator$WaitingFunction@7c891ba7 (tried for 1 second(s) with 500 milliseconds interval)
at org.openqa.selenium.support.ui.FluentWait.timeoutException(FluentWait.java:304)
at org.openqa.selenium.support.ui.FluentWait.until(FluentWait.java:272)
at io.appium.java_client.pagefactory.AppiumElementLocator.waitFor(AppiumElementLocator.java:99)
at io.appium.java_client.pagefactory.AppiumElementLocator.findElement(AppiumElementLocator.java:119)
... 37 more
Caused by: org.openqa.selenium.NoSuchElementException: Cannot locate an element using By.chained({By.id: Wiâ€‘Fi})
For documentation on this error, please visit: https://www.seleniumhq.org/exceptions/no_such_element.html
Build info: version: '3.141.59', revision: 'e82be7d358', time: '2018-11-14T08:17:03'
System info: host: 'DESKTOP-GP0GM2O', ip: '192.168.1.8', os.name: 'Windows 10', os.arch: 'amd64', os.version: '10.0', java.version: '1.8.0_131'
Driver info: driver.version: AndroidDriver
at io.appium.java_client.pagefactory.bys.builder.ByChained.findElement(ByChained.java:74)
at org.openqa.selenium.remote.RemoteWebDriver.findElement(RemoteWebDriver.java:315)
at io.appium.java_client.DefaultGenericMobileDriver.findElement(DefaultGenericMobileDriver.java:57)
at io.appium.java_client.AppiumDriver.findElement(AppiumDriver.java:1)
at io.appium.java_client.android.AndroidDriver.findElement(AndroidDriver.java:1)
at io.appium.java_client.pagefactory.bys.ContentMappedBy.findElement(ContentMappedBy.java:50)
at org.openqa.selenium.remote.RemoteWebDriver.findElement(RemoteWebDriver.java:315)
at io.appium.java_client.DefaultGenericMobileDriver.findElement(DefaultGenericMobileDriver.java:57)
at io.appium.java_client.AppiumDriver.findElement(AppiumDriver.java:1)
at io.appium.java_client.android.AndroidDriver.findElement(AndroidDriver.java:1)
at io.appium.java_client.pagefactory.AppiumElementLocator.lambda$0(AppiumElementLocator.java:120)
at io.appium.java_client.pagefactory.AppiumElementLocator$WaitingFunction.apply(AppiumElementLocator.java:172)
at io.appium.java_client.pagefactory.AppiumElementLocator$WaitingFunction.apply(AppiumElementLocator.java:1)
at org.openqa.selenium.support.ui.FluentWait.until(FluentWait.java:249)
... 39 more
]]>
            </full-stacktrace>
          </exception> <!-- org.openqa.selenium.NoSuchElementException -->
          <reporter-output>
          </reporter-output>
        </test-method> <!-- wifi1 -->
        <test-method status="PASS" signature="Appium()[pri:0, instance:com.communitake.tests.automation.gms.FacilitiesTests@305fd85d]" name="Appium" is-config="true" duration-ms="5435" started-at="2021-01-04T08:06:20 IST" finished-at="2021-01-04T08:06:26 IST">
          <reporter-output>
          </reporter-output>
        </test-method> <!-- Appium -->
        <test-method status="PASS" signature="blockAirplane()[pri:6, instance:com.communitake.tests.automation.gms.FacilitiesTests@305fd85d]" name="blockAirplane" duration-ms="28626" started-at="2021-01-04T08:06:26 IST" finished-at="2021-01-04T08:06:54 IST">
          <reporter-output>
          </reporter-output>
        </test-method> <!-- blockAirplane -->
        <test-method status="PASS" signature="Appium()[pri:0, instance:com.communitake.tests.automation.gms.FacilitiesTests@305fd85d]" name="Appium" is-config="true" duration-ms="5942" started-at="2021-01-04T08:06:54 IST" finished-at="2021-01-04T08:07:00 IST">
          <reporter-output>
          </reporter-output>
        </test-method> <!-- Appium -->
        <test-method status="PASS" signature="resetRestrictions()[pri:7, instance:com.communitake.tests.automation.gms.FacilitiesTests@305fd85d]" name="resetRestrictions" duration-ms="20894" started-at="2021-01-04T08:07:00 IST" finished-at="2021-01-04T08:07:21 IST">
          <reporter-output>
          </reporter-output>
        </test-method> <!-- resetRestrictions -->
        <test-method status="PASS" signature="tearDown()[pri:0, instance:com.communitake.tests.automation.gms.FacilitiesTests@305fd85d]" name="tearDown" is-config="true" duration-ms="2496" started-at="2021-01-04T08:07:21 IST" finished-at="2021-01-04T08:07:24 IST">
          <reporter-output>
          </reporter-output>
        </test-method> <!-- tearDown -->
      </class> <!-- com.communitake.tests.automation.gms.FacilitiesTests -->
    </test> <!-- Test -->
  </suite> <!-- Suite -->
</testng-results>
